Arguments: 
  /opt/homebrew/Cellar/node/19.7.0/bin/node /opt/homebrew/Cellar/yarn/1.22.17_1/libexec/bin/yarn.js install

PATH: 
  /opt/homebrew/bin:/opt/homebrew/sbin:/usr/local/bin:/usr/bin:/bin:/usr/sbin:/sbin:/path/to/driver

Yarn version: 
  1.22.17

Node version: 
  19.7.0

Platform: 
  darwin arm64

Trace: 
  SyntaxError: /Users/simonzhang/Desktop/Reddit-Clone/lireddit-web/package.json: Unexpected non-whitespace character after JSON at position 968
      at JSON.parse (<anonymous>)
      at /opt/homebrew/Cellar/yarn/1.22.17_1/libexec/lib/cli.js:1625:59
      at Generator.next (<anonymous>)
      at step (/opt/homebrew/Cellar/yarn/1.22.17_1/libexec/lib/cli.js:310:30)
      at /opt/homebrew/Cellar/yarn/1.22.17_1/libexec/lib/cli.js:321:13

npm manifest: 
  {
    "private": true,
    "scripts": {
      "dev": "next dev",
      "build": "next build",
      "start": "next start",
      "gen": "graphql-codegen --config codegen.yml"
    },
    "dependencies": {
      "@chakra-ui/icons": "^1.0.0",
      "@chakra-ui/react": "^1.4.2",
      "@emotion/react": "^11.0.0",
      "@emotion/styled": "^11.0.0",
      "@urql/exchange-graphcache": "^4.3.6",
      "formik": "^2.2.9",
      "framer-motion": "^4.0.3",
      "graphql": "^16.3.0",
      "isomorphic-unfetch": "^3.1.0",
      "next": "13.1.0",
      "next-urql": "3.3.2",
      "react": "^18.2.0",
      "react-dom": "^18.1.0",
      "react-is": "^17.0.2",
      "urql": "^2.1.3"
    },
    "devDependencies": {
      "@graphql-codegen/cli": "2.6.1",
      "@graphql-codegen/typescript": "2.4.3",
      "@graphql-codegen/typescript-operations": "2.3.0",
      "@graphql-codegen/typescript-react-apollo": "3.2.5",
      "@graphql-codegen/typescript-urql": "^3.5.1",
      "@types/node": "^17.0.14",
      "typescript": "^4.5.5"
    }
  }
  
  
  // "@types/react": "17.0.15",

yarn manifest: 
  No manifest

Lockfile: 
  No lockfile
